<?xml version="1.0" encoding="UTF-8"?>
<!-- Generated by org.testng.reporters.JUnitXMLReporter -->
<testsuite ignored="0" hostname="DESKTOP-BR822IA" failures="0" tests="28" name="Test" time="1.236" errors="0" timestamp="2022-12-16T16:18:04 IST">
  <testcase classname="appCommonClasses.GenericBase" name="@BeforeMethod initialize" time="-1.671187683316E9">
    <failure type="org.testng.TestNGException" message="
Parameter &amp;apos;URL&amp;apos; is required by BeforeMethod on method initialize but has not been marked @Optional or defined
in C:\Users\MAYANKMAURYA\Desktop\CICT\AndroidAutomation_Farmer\testng.xml">
      <![CDATA[org.testng.TestNGException: 
Parameter 'URL' is required by BeforeMethod on method initialize but has not been marked @Optional or defined
in C:\Users\MAYANKMAURYA\Desktop\CICT\AndroidAutomation_Farmer\testng.xml
at java.base/java.util.concurrent.ThreadPoolExecutor.runWorker(ThreadPoolExecutor.java:1128)
at java.base/java.util.concurrent.ThreadPoolExecutor$Worker.run(ThreadPoolExecutor.java:628)
at java.base/java.lang.Thread.run(Thread.java:834)
... Removed 13 stack frames]]>
    </failure>
  </testcase> <!-- @BeforeMethod initialize -->
  <testcase classname="appCommonClasses.GenericBase" name="@BeforeMethod initialize" time="-1.671187683847E9">
    <failure type="org.testng.TestNGException" message="
Parameter &amp;apos;URL&amp;apos; is required by BeforeMethod on method initialize but has not been marked @Optional or defined
in C:\Users\MAYANKMAURYA\Desktop\CICT\AndroidAutomation_Farmer\testng.xml">
      <![CDATA[org.testng.TestNGException: 
Parameter 'URL' is required by BeforeMethod on method initialize but has not been marked @Optional or defined
in C:\Users\MAYANKMAURYA\Desktop\CICT\AndroidAutomation_Farmer\testng.xml
at java.base/java.util.concurrent.ThreadPoolExecutor.runWorker(ThreadPoolExecutor.java:1128)
at java.base/java.util.concurrent.ThreadPoolExecutor$Worker.run(ThreadPoolExecutor.java:628)
at java.base/java.lang.Thread.run(Thread.java:834)
... Removed 13 stack frames]]>
    </failure>
  </testcase> <!-- @BeforeMethod initialize -->
  <testcase classname="appCommonClasses.GenericBase" name="@BeforeMethod initialize" time="-1.671187683847E9">
    <failure type="org.testng.TestNGException" message="
Parameter &amp;apos;URL&amp;apos; is required by BeforeMethod on method initialize but has not been marked @Optional or defined
in C:\Users\MAYANKMAURYA\Desktop\CICT\AndroidAutomation_Farmer\testng.xml">
      <![CDATA[org.testng.TestNGException: 
Parameter 'URL' is required by BeforeMethod on method initialize but has not been marked @Optional or defined
in C:\Users\MAYANKMAURYA\Desktop\CICT\AndroidAutomation_Farmer\testng.xml
at java.base/java.util.concurrent.ThreadPoolExecutor.runWorker(ThreadPoolExecutor.java:1128)
at java.base/java.util.concurrent.ThreadPoolExecutor$Worker.run(ThreadPoolExecutor.java:628)
at java.base/java.lang.Thread.run(Thread.java:834)
... Removed 13 stack frames]]>
    </failure>
  </testcase> <!-- @BeforeMethod initialize -->
  <testcase classname="appCommonClasses.GenericBase" name="@BeforeMethod initialize" time="-1.671187683928E9">
    <failure type="org.testng.TestNGException" message="
Parameter &amp;apos;URL&amp;apos; is required by BeforeMethod on method initialize but has not been marked @Optional or defined
in C:\Users\MAYANKMAURYA\Desktop\CICT\AndroidAutomation_Farmer\testng.xml">
      <![CDATA[org.testng.TestNGException: 
Parameter 'URL' is required by BeforeMethod on method initialize but has not been marked @Optional or defined
in C:\Users\MAYANKMAURYA\Desktop\CICT\AndroidAutomation_Farmer\testng.xml
at java.base/java.util.concurrent.ThreadPoolExecutor.runWorker(ThreadPoolExecutor.java:1128)
at java.base/java.util.concurrent.ThreadPoolExecutor$Worker.run(ThreadPoolExecutor.java:628)
at java.base/java.lang.Thread.run(Thread.java:834)
... Removed 13 stack frames]]>
    </failure>
  </testcase> <!-- @BeforeMethod initialize -->
  <testcase classname="appCommonClasses.GenericBase" name="@BeforeMethod initialize" time="-1.671187683928E9">
    <failure type="org.testng.TestNGException" message="
Parameter &amp;apos;URL&amp;apos; is required by BeforeMethod on method initialize but has not been marked @Optional or defined
in C:\Users\MAYANKMAURYA\Desktop\CICT\AndroidAutomation_Farmer\testng.xml">
      <![CDATA[org.testng.TestNGException: 
Parameter 'URL' is required by BeforeMethod on method initialize but has not been marked @Optional or defined
in C:\Users\MAYANKMAURYA\Desktop\CICT\AndroidAutomation_Farmer\testng.xml
at java.base/java.util.concurrent.ThreadPoolExecutor.runWorker(ThreadPoolExecutor.java:1128)
at java.base/java.util.concurrent.ThreadPoolExecutor$Worker.run(ThreadPoolExecutor.java:628)
at java.base/java.lang.Thread.run(Thread.java:834)
... Removed 13 stack frames]]>
    </failure>
  </testcase> <!-- @BeforeMethod initialize -->
  <testcase classname="appCommonClasses.GenericBase" name="@BeforeMethod initialize" time="-1.671187684E9">
    <failure type="org.testng.TestNGException" message="
Parameter &amp;apos;URL&amp;apos; is required by BeforeMethod on method initialize but has not been marked @Optional or defined
in C:\Users\MAYANKMAURYA\Desktop\CICT\AndroidAutomation_Farmer\testng.xml">
      <![CDATA[org.testng.TestNGException: 
Parameter 'URL' is required by BeforeMethod on method initialize but has not been marked @Optional or defined
in C:\Users\MAYANKMAURYA\Desktop\CICT\AndroidAutomation_Farmer\testng.xml
at java.base/java.util.concurrent.ThreadPoolExecutor.runWorker(ThreadPoolExecutor.java:1128)
at java.base/java.util.concurrent.ThreadPoolExecutor$Worker.run(ThreadPoolExecutor.java:628)
at java.base/java.lang.Thread.run(Thread.java:834)
... Removed 13 stack frames]]>
    </failure>
  </testcase> <!-- @BeforeMethod initialize -->
  <testcase classname="appCommonClasses.GenericBase" name="@BeforeMethod initialize" time="-1.671187684001E9">
    <failure type="org.testng.TestNGException" message="
Parameter &amp;apos;URL&amp;apos; is required by BeforeMethod on method initialize but has not been marked @Optional or defined
in C:\Users\MAYANKMAURYA\Desktop\CICT\AndroidAutomation_Farmer\testng.xml">
      <![CDATA[org.testng.TestNGException: 
Parameter 'URL' is required by BeforeMethod on method initialize but has not been marked @Optional or defined
in C:\Users\MAYANKMAURYA\Desktop\CICT\AndroidAutomation_Farmer\testng.xml
at java.base/java.util.concurrent.ThreadPoolExecutor.runWorker(ThreadPoolExecutor.java:1128)
at java.base/java.util.concurrent.ThreadPoolExecutor$Worker.run(ThreadPoolExecutor.java:628)
at java.base/java.lang.Thread.run(Thread.java:834)
... Removed 13 stack frames]]>
    </failure>
  </testcase> <!-- @BeforeMethod initialize -->
  <testcase classname="appCommonClasses.GenericBase" name="@BeforeMethod initialize" time="-1.671187684006E9">
    <failure type="org.testng.TestNGException" message="
Parameter &amp;apos;URL&amp;apos; is required by BeforeMethod on method initialize but has not been marked @Optional or defined
in C:\Users\MAYANKMAURYA\Desktop\CICT\AndroidAutomation_Farmer\testng.xml">
      <![CDATA[org.testng.TestNGException: 
Parameter 'URL' is required by BeforeMethod on method initialize but has not been marked @Optional or defined
in C:\Users\MAYANKMAURYA\Desktop\CICT\AndroidAutomation_Farmer\testng.xml
at java.base/java.util.concurrent.ThreadPoolExecutor.runWorker(ThreadPoolExecutor.java:1128)
at java.base/java.util.concurrent.ThreadPoolExecutor$Worker.run(ThreadPoolExecutor.java:628)
at java.base/java.lang.Thread.run(Thread.java:834)
... Removed 13 stack frames]]>
    </failure>
  </testcase> <!-- @BeforeMethod initialize -->
  <testcase classname="appCommonClasses.GenericBase" name="@BeforeMethod initialize" time="-1.671187684006E9">
    <failure type="org.testng.TestNGException" message="
Parameter &amp;apos;URL&amp;apos; is required by BeforeMethod on method initialize but has not been marked @Optional or defined
in C:\Users\MAYANKMAURYA\Desktop\CICT\AndroidAutomation_Farmer\testng.xml">
      <![CDATA[org.testng.TestNGException: 
Parameter 'URL' is required by BeforeMethod on method initialize but has not been marked @Optional or defined
in C:\Users\MAYANKMAURYA\Desktop\CICT\AndroidAutomation_Farmer\testng.xml
at java.base/java.util.concurrent.ThreadPoolExecutor.runWorker(ThreadPoolExecutor.java:1128)
at java.base/java.util.concurrent.ThreadPoolExecutor$Worker.run(ThreadPoolExecutor.java:628)
at java.base/java.lang.Thread.run(Thread.java:834)
... Removed 13 stack frames]]>
    </failure>
  </testcase> <!-- @BeforeMethod initialize -->
  <testcase classname="appCommonClasses.GenericBase" name="@BeforeMethod initialize" time="-1.671187684011E9">
    <failure type="org.testng.TestNGException" message="
Parameter &amp;apos;URL&amp;apos; is required by BeforeMethod on method initialize but has not been marked @Optional or defined
in C:\Users\MAYANKMAURYA\Desktop\CICT\AndroidAutomation_Farmer\testng.xml">
      <![CDATA[org.testng.TestNGException: 
Parameter 'URL' is required by BeforeMethod on method initialize but has not been marked @Optional or defined
in C:\Users\MAYANKMAURYA\Desktop\CICT\AndroidAutomation_Farmer\testng.xml
at java.base/java.util.concurrent.ThreadPoolExecutor.runWorker(ThreadPoolExecutor.java:1128)
at java.base/java.util.concurrent.ThreadPoolExecutor$Worker.run(ThreadPoolExecutor.java:628)
at java.base/java.lang.Thread.run(Thread.java:834)
... Removed 13 stack frames]]>
    </failure>
  </testcase> <!-- @BeforeMethod initialize -->
  <testcase classname="appCommonClasses.GenericBase" name="@BeforeMethod initialize" time="-1.67118768408E9">
    <failure type="org.testng.TestNGException" message="
Parameter &amp;apos;URL&amp;apos; is required by BeforeMethod on method initialize but has not been marked @Optional or defined
in C:\Users\MAYANKMAURYA\Desktop\CICT\AndroidAutomation_Farmer\testng.xml">
      <![CDATA[org.testng.TestNGException: 
Parameter 'URL' is required by BeforeMethod on method initialize but has not been marked @Optional or defined
in C:\Users\MAYANKMAURYA\Desktop\CICT\AndroidAutomation_Farmer\testng.xml
at java.base/java.util.concurrent.ThreadPoolExecutor.runWorker(ThreadPoolExecutor.java:1128)
at java.base/java.util.concurrent.ThreadPoolExecutor$Worker.run(ThreadPoolExecutor.java:628)
at java.base/java.lang.Thread.run(Thread.java:834)
... Removed 13 stack frames]]>
    </failure>
  </testcase> <!-- @BeforeMethod initialize -->
  <testcase classname="appCommonClasses.GenericBase" name="@BeforeMethod initialize" time="-1.671187684081E9">
    <failure type="org.testng.TestNGException" message="
Parameter &amp;apos;URL&amp;apos; is required by BeforeMethod on method initialize but has not been marked @Optional or defined
in C:\Users\MAYANKMAURYA\Desktop\CICT\AndroidAutomation_Farmer\testng.xml">
      <![CDATA[org.testng.TestNGException: 
Parameter 'URL' is required by BeforeMethod on method initialize but has not been marked @Optional or defined
in C:\Users\MAYANKMAURYA\Desktop\CICT\AndroidAutomation_Farmer\testng.xml
at java.base/java.util.concurrent.ThreadPoolExecutor.runWorker(ThreadPoolExecutor.java:1128)
at java.base/java.util.concurrent.ThreadPoolExecutor$Worker.run(ThreadPoolExecutor.java:628)
at java.base/java.lang.Thread.run(Thread.java:834)
... Removed 13 stack frames]]>
    </failure>
  </testcase> <!-- @BeforeMethod initialize -->
  <testcase classname="appCommonClasses.GenericBase" name="@BeforeMethod initialize" time="-1.671187684149E9">
    <failure type="org.testng.TestNGException" message="
Parameter &amp;apos;URL&amp;apos; is required by BeforeMethod on method initialize but has not been marked @Optional or defined
in C:\Users\MAYANKMAURYA\Desktop\CICT\AndroidAutomation_Farmer\testng.xml">
      <![CDATA[org.testng.TestNGException: 
Parameter 'URL' is required by BeforeMethod on method initialize but has not been marked @Optional or defined
in C:\Users\MAYANKMAURYA\Desktop\CICT\AndroidAutomation_Farmer\testng.xml
at java.base/java.util.concurrent.ThreadPoolExecutor.runWorker(ThreadPoolExecutor.java:1128)
at java.base/java.util.concurrent.ThreadPoolExecutor$Worker.run(ThreadPoolExecutor.java:628)
at java.base/java.lang.Thread.run(Thread.java:834)
... Removed 13 stack frames]]>
    </failure>
  </testcase> <!-- @BeforeMethod initialize -->
  <testcase classname="appCommonClasses.GenericBase" name="@BeforeMethod initialize" time="-1.67118768415E9">
    <failure type="org.testng.TestNGException" message="
Parameter &amp;apos;URL&amp;apos; is required by BeforeMethod on method initialize but has not been marked @Optional or defined
in C:\Users\MAYANKMAURYA\Desktop\CICT\AndroidAutomation_Farmer\testng.xml">
      <![CDATA[org.testng.TestNGException: 
Parameter 'URL' is required by BeforeMethod on method initialize but has not been marked @Optional or defined
in C:\Users\MAYANKMAURYA\Desktop\CICT\AndroidAutomation_Farmer\testng.xml
at java.base/java.util.concurrent.ThreadPoolExecutor.runWorker(ThreadPoolExecutor.java:1128)
at java.base/java.util.concurrent.ThreadPoolExecutor$Worker.run(ThreadPoolExecutor.java:628)
at java.base/java.lang.Thread.run(Thread.java:834)
... Removed 13 stack frames]]>
    </failure>
  </testcase> <!-- @BeforeMethod initialize -->
  <testcase classname="appCommonClasses.GenericBase" name="@BeforeMethod initialize" time="-1.671187684206E9">
    <failure type="org.testng.TestNGException" message="
Parameter &amp;apos;URL&amp;apos; is required by BeforeMethod on method initialize but has not been marked @Optional or defined
in C:\Users\MAYANKMAURYA\Desktop\CICT\AndroidAutomation_Farmer\testng.xml">
      <![CDATA[org.testng.TestNGException: 
Parameter 'URL' is required by BeforeMethod on method initialize but has not been marked @Optional or defined
in C:\Users\MAYANKMAURYA\Desktop\CICT\AndroidAutomation_Farmer\testng.xml
at java.base/java.util.concurrent.ThreadPoolExecutor.runWorker(ThreadPoolExecutor.java:1128)
at java.base/java.util.concurrent.ThreadPoolExecutor$Worker.run(ThreadPoolExecutor.java:628)
at java.base/java.lang.Thread.run(Thread.java:834)
... Removed 13 stack frames]]>
    </failure>
  </testcase> <!-- @BeforeMethod initialize -->
  <testcase classname="appCommonClasses.GenericBase" name="@BeforeMethod initialize" time="-1.671187684211E9">
    <failure type="org.testng.TestNGException" message="
Parameter &amp;apos;URL&amp;apos; is required by BeforeMethod on method initialize but has not been marked @Optional or defined
in C:\Users\MAYANKMAURYA\Desktop\CICT\AndroidAutomation_Farmer\testng.xml">
      <![CDATA[org.testng.TestNGException: 
Parameter 'URL' is required by BeforeMethod on method initialize but has not been marked @Optional or defined
in C:\Users\MAYANKMAURYA\Desktop\CICT\AndroidAutomation_Farmer\testng.xml
at java.base/java.util.concurrent.ThreadPoolExecutor.runWorker(ThreadPoolExecutor.java:1128)
at java.base/java.util.concurrent.ThreadPoolExecutor$Worker.run(ThreadPoolExecutor.java:628)
at java.base/java.lang.Thread.run(Thread.java:834)
... Removed 13 stack frames]]>
    </failure>
  </testcase> <!-- @BeforeMethod initialize -->
  <testcase classname="appCommonClasses.GenericBase" name="@BeforeMethod initialize" time="-1.671187684259E9">
    <failure type="org.testng.TestNGException" message="
Parameter &amp;apos;URL&amp;apos; is required by BeforeMethod on method initialize but has not been marked @Optional or defined
in C:\Users\MAYANKMAURYA\Desktop\CICT\AndroidAutomation_Farmer\testng.xml">
      <![CDATA[org.testng.TestNGException: 
Parameter 'URL' is required by BeforeMethod on method initialize but has not been marked @Optional or defined
in C:\Users\MAYANKMAURYA\Desktop\CICT\AndroidAutomation_Farmer\testng.xml
at java.base/java.util.concurrent.ThreadPoolExecutor.runWorker(ThreadPoolExecutor.java:1128)
at java.base/java.util.concurrent.ThreadPoolExecutor$Worker.run(ThreadPoolExecutor.java:628)
at java.base/java.lang.Thread.run(Thread.java:834)
... Removed 13 stack frames]]>
    </failure>
  </testcase> <!-- @BeforeMethod initialize -->
  <testcase classname="appCommonClasses.GenericBase" name="@BeforeMethod initialize" time="-1.67118768426E9">
    <failure type="org.testng.TestNGException" message="
Parameter &amp;apos;URL&amp;apos; is required by BeforeMethod on method initialize but has not been marked @Optional or defined
in C:\Users\MAYANKMAURYA\Desktop\CICT\AndroidAutomation_Farmer\testng.xml">
      <![CDATA[org.testng.TestNGException: 
Parameter 'URL' is required by BeforeMethod on method initialize but has not been marked @Optional or defined
in C:\Users\MAYANKMAURYA\Desktop\CICT\AndroidAutomation_Farmer\testng.xml
at java.base/java.util.concurrent.ThreadPoolExecutor.runWorker(ThreadPoolExecutor.java:1128)
at java.base/java.util.concurrent.ThreadPoolExecutor$Worker.run(ThreadPoolExecutor.java:628)
at java.base/java.lang.Thread.run(Thread.java:834)
... Removed 13 stack frames]]>
    </failure>
  </testcase> <!-- @BeforeMethod initialize -->
  <testcase classname="appCommonClasses.GenericBase" name="@BeforeMethod initialize" time="-1.671187684316E9">
    <failure type="org.testng.TestNGException" message="
Parameter &amp;apos;URL&amp;apos; is required by BeforeMethod on method initialize but has not been marked @Optional or defined
in C:\Users\MAYANKMAURYA\Desktop\CICT\AndroidAutomation_Farmer\testng.xml">
      <![CDATA[org.testng.TestNGException: 
Parameter 'URL' is required by BeforeMethod on method initialize but has not been marked @Optional or defined
in C:\Users\MAYANKMAURYA\Desktop\CICT\AndroidAutomation_Farmer\testng.xml
at java.base/java.util.concurrent.ThreadPoolExecutor.runWorker(ThreadPoolExecutor.java:1128)
at java.base/java.util.concurrent.ThreadPoolExecutor$Worker.run(ThreadPoolExecutor.java:628)
at java.base/java.lang.Thread.run(Thread.java:834)
... Removed 13 stack frames]]>
    </failure>
  </testcase> <!-- @BeforeMethod initialize -->
  <testcase classname="appCommonClasses.GenericBase" name="@BeforeMethod initialize" time="-1.671187684316E9">
    <failure type="org.testng.TestNGException" message="
Parameter &amp;apos;URL&amp;apos; is required by BeforeMethod on method initialize but has not been marked @Optional or defined
in C:\Users\MAYANKMAURYA\Desktop\CICT\AndroidAutomation_Farmer\testng.xml">
      <![CDATA[org.testng.TestNGException: 
Parameter 'URL' is required by BeforeMethod on method initialize but has not been marked @Optional or defined
in C:\Users\MAYANKMAURYA\Desktop\CICT\AndroidAutomation_Farmer\testng.xml
at java.base/java.util.concurrent.ThreadPoolExecutor.runWorker(ThreadPoolExecutor.java:1128)
at java.base/java.util.concurrent.ThreadPoolExecutor$Worker.run(ThreadPoolExecutor.java:628)
at java.base/java.lang.Thread.run(Thread.java:834)
... Removed 13 stack frames]]>
    </failure>
  </testcase> <!-- @BeforeMethod initialize -->
  <testcase classname="appCommonClasses.GenericBase" name="@BeforeMethod initialize" time="-1.671187684377E9">
    <failure type="org.testng.TestNGException" message="
Parameter &amp;apos;URL&amp;apos; is required by BeforeMethod on method initialize but has not been marked @Optional or defined
in C:\Users\MAYANKMAURYA\Desktop\CICT\AndroidAutomation_Farmer\testng.xml">
      <![CDATA[org.testng.TestNGException: 
Parameter 'URL' is required by BeforeMethod on method initialize but has not been marked @Optional or defined
in C:\Users\MAYANKMAURYA\Desktop\CICT\AndroidAutomation_Farmer\testng.xml
at java.base/java.util.concurrent.ThreadPoolExecutor.runWorker(ThreadPoolExecutor.java:1128)
at java.base/java.util.concurrent.ThreadPoolExecutor$Worker.run(ThreadPoolExecutor.java:628)
at java.base/java.lang.Thread.run(Thread.java:834)
... Removed 13 stack frames]]>
    </failure>
  </testcase> <!-- @BeforeMethod initialize -->
  <testcase classname="appCommonClasses.GenericBase" name="@BeforeMethod initialize" time="-1.671187684379E9">
    <failure type="org.testng.TestNGException" message="
Parameter &amp;apos;URL&amp;apos; is required by BeforeMethod on method initialize but has not been marked @Optional or defined
in C:\Users\MAYANKMAURYA\Desktop\CICT\AndroidAutomation_Farmer\testng.xml">
      <![CDATA[org.testng.TestNGException: 
Parameter 'URL' is required by BeforeMethod on method initialize but has not been marked @Optional or defined
in C:\Users\MAYANKMAURYA\Desktop\CICT\AndroidAutomation_Farmer\testng.xml
at java.base/java.util.concurrent.ThreadPoolExecutor.runWorker(ThreadPoolExecutor.java:1128)
at java.base/java.util.concurrent.ThreadPoolExecutor$Worker.run(ThreadPoolExecutor.java:628)
at java.base/java.lang.Thread.run(Thread.java:834)
... Removed 13 stack frames]]>
    </failure>
  </testcase> <!-- @BeforeMethod initialize -->
  <testcase classname="appCommonClasses.GenericBase" name="@BeforeMethod initialize" time="-1.671187684439E9">
    <failure type="org.testng.TestNGException" message="
Parameter &amp;apos;URL&amp;apos; is required by BeforeMethod on method initialize but has not been marked @Optional or defined
in C:\Users\MAYANKMAURYA\Desktop\CICT\AndroidAutomation_Farmer\testng.xml">
      <![CDATA[org.testng.TestNGException: 
Parameter 'URL' is required by BeforeMethod on method initialize but has not been marked @Optional or defined
in C:\Users\MAYANKMAURYA\Desktop\CICT\AndroidAutomation_Farmer\testng.xml
at java.base/java.util.concurrent.ThreadPoolExecutor.runWorker(ThreadPoolExecutor.java:1128)
at java.base/java.util.concurrent.ThreadPoolExecutor$Worker.run(ThreadPoolExecutor.java:628)
at java.base/java.lang.Thread.run(Thread.java:834)
... Removed 13 stack frames]]>
    </failure>
  </testcase> <!-- @BeforeMethod initialize -->
  <testcase classname="appCommonClasses.GenericBase" name="@BeforeMethod initialize" time="-1.671187684439E9">
    <failure type="org.testng.TestNGException" message="
Parameter &amp;apos;URL&amp;apos; is required by BeforeMethod on method initialize but has not been marked @Optional or defined
in C:\Users\MAYANKMAURYA\Desktop\CICT\AndroidAutomation_Farmer\testng.xml">
      <![CDATA[org.testng.TestNGException: 
Parameter 'URL' is required by BeforeMethod on method initialize but has not been marked @Optional or defined
in C:\Users\MAYANKMAURYA\Desktop\CICT\AndroidAutomation_Farmer\testng.xml
at java.base/java.util.concurrent.ThreadPoolExecutor.runWorker(ThreadPoolExecutor.java:1128)
at java.base/java.util.concurrent.ThreadPoolExecutor$Worker.run(ThreadPoolExecutor.java:628)
at java.base/java.lang.Thread.run(Thread.java:834)
... Removed 13 stack frames]]>
    </failure>
  </testcase> <!-- @BeforeMethod initialize -->
  <testcase classname="appCommonClasses.GenericBase" name="@BeforeMethod initialize" time="-1.671187684505E9">
    <failure type="org.testng.TestNGException" message="
Parameter &amp;apos;URL&amp;apos; is required by BeforeMethod on method initialize but has not been marked @Optional or defined
in C:\Users\MAYANKMAURYA\Desktop\CICT\AndroidAutomation_Farmer\testng.xml">
      <![CDATA[org.testng.TestNGException: 
Parameter 'URL' is required by BeforeMethod on method initialize but has not been marked @Optional or defined
in C:\Users\MAYANKMAURYA\Desktop\CICT\AndroidAutomation_Farmer\testng.xml
at java.base/java.util.concurrent.ThreadPoolExecutor.runWorker(ThreadPoolExecutor.java:1128)
at java.base/java.util.concurrent.ThreadPoolExecutor$Worker.run(ThreadPoolExecutor.java:628)
at java.base/java.lang.Thread.run(Thread.java:834)
... Removed 13 stack frames]]>
    </failure>
  </testcase> <!-- @BeforeMethod initialize -->
  <testcase classname="appCommonClasses.GenericBase" name="@BeforeMethod initialize" time="-1.671187684506E9">
    <failure type="org.testng.TestNGException" message="
Parameter &amp;apos;URL&amp;apos; is required by BeforeMethod on method initialize but has not been marked @Optional or defined
in C:\Users\MAYANKMAURYA\Desktop\CICT\AndroidAutomation_Farmer\testng.xml">
      <![CDATA[org.testng.TestNGException: 
Parameter 'URL' is required by BeforeMethod on method initialize but has not been marked @Optional or defined
in C:\Users\MAYANKMAURYA\Desktop\CICT\AndroidAutomation_Farmer\testng.xml
at java.base/java.util.concurrent.ThreadPoolExecutor.runWorker(ThreadPoolExecutor.java:1128)
at java.base/java.util.concurrent.ThreadPoolExecutor$Worker.run(ThreadPoolExecutor.java:628)
at java.base/java.lang.Thread.run(Thread.java:834)
... Removed 13 stack frames]]>
    </failure>
  </testcase> <!-- @BeforeMethod initialize -->
  <testcase classname="appCommonClasses.GenericBase" name="@BeforeMethod initialize" time="-1.671187684514E9">
    <failure type="org.testng.TestNGException" message="
Parameter &amp;apos;URL&amp;apos; is required by BeforeMethod on method initialize but has not been marked @Optional or defined
in C:\Users\MAYANKMAURYA\Desktop\CICT\AndroidAutomation_Farmer\testng.xml">
      <![CDATA[org.testng.TestNGException: 
Parameter 'URL' is required by BeforeMethod on method initialize but has not been marked @Optional or defined
in C:\Users\MAYANKMAURYA\Desktop\CICT\AndroidAutomation_Farmer\testng.xml
at java.base/java.util.concurrent.ThreadPoolExecutor.runWorker(ThreadPoolExecutor.java:1128)
at java.base/java.util.concurrent.ThreadPoolExecutor$Worker.run(ThreadPoolExecutor.java:628)
at java.base/java.lang.Thread.run(Thread.java:834)
... Removed 13 stack frames]]>
    </failure>
  </testcase> <!-- @BeforeMethod initialize -->
  <testcase classname="appCommonClasses.GenericBase" name="@BeforeMethod initialize" time="-1.671187684518E9">
    <failure type="org.testng.TestNGException" message="
Parameter &amp;apos;URL&amp;apos; is required by BeforeMethod on method initialize but has not been marked @Optional or defined
in C:\Users\MAYANKMAURYA\Desktop\CICT\AndroidAutomation_Farmer\testng.xml">
      <![CDATA[org.testng.TestNGException: 
Parameter 'URL' is required by BeforeMethod on method initialize but has not been marked @Optional or defined
in C:\Users\MAYANKMAURYA\Desktop\CICT\AndroidAutomation_Farmer\testng.xml
at java.base/java.util.concurrent.ThreadPoolExecutor.runWorker(ThreadPoolExecutor.java:1128)
at java.base/java.util.concurrent.ThreadPoolExecutor$Worker.run(ThreadPoolExecutor.java:628)
at java.base/java.lang.Thread.run(Thread.java:834)
... Removed 13 stack frames]]>
    </failure>
  </testcase> <!-- @BeforeMethod initialize -->
  <testcase classname="com.nitara.BreedingManagement.AddDryPeriod" name="AddDryPeriod_ValidData" time="0.0">
    <skipped/>
  </testcase> <!-- AddDryPeriod_ValidData -->
  <testcase classname="com.nitara.BreedingManagement.ViewCalving" name="Calving_ViewData" time="0.0">
    <skipped/>
  </testcase> <!-- Calving_ViewData -->
  <testcase classname="com.nitara.BreedingManagement.AddCalving" name="Calving_AddData" time="0.0">
    <skipped/>
  </testcase> <!-- Calving_AddData -->
  <testcase classname="com.nitara.HealthManagement.AddDeworming" name="Deworming_AddData" time="0.0">
    <skipped/>
  </testcase> <!-- Deworming_AddData -->
  <testcase classname="com.nitara.HealthManagement.DeleteDeworming" name="Deworming_DeleteData" time="0.0">
    <skipped/>
  </testcase> <!-- Deworming_DeleteData -->
  <testcase classname="com.nitara.HealthManagement.EditDeworming" name="Deworming_EditData" time="0.0">
    <skipped/>
  </testcase> <!-- Deworming_EditData -->
  <testcase classname="com.nitara.HealthManagement.ViewDeworming" name="Deworming_ViewData" time="0.0">
    <skipped/>
  </testcase> <!-- Deworming_ViewData -->
  <testcase classname="com.nitara.BreedingManagement.DeleteDryPeriod" name="Dry_DeleteData" time="0.0">
    <skipped/>
  </testcase> <!-- Dry_DeleteData -->
  <testcase classname="com.nitara.BreedingManagement.EditDryPeriod" name="Dry_EditData" time="0.0">
    <skipped/>
  </testcase> <!-- Dry_EditData -->
  <testcase classname="com.nitara.BreedingManagement.ViewDryPeriod" name="Dry_ViewData" time="0.0">
    <skipped/>
  </testcase> <!-- Dry_ViewData -->
  <testcase classname="com.nitara.BreedingManagement.EditHeat" name="Heat_EditData" time="0.0">
    <skipped/>
  </testcase> <!-- Heat_EditData -->
  <testcase classname="com.nitara.BreedingManagement.DeleteHeat" name="Heat_DeleteData" time="0.0">
    <skipped/>
  </testcase> <!-- Heat_DeleteData -->
  <testcase classname="com.nitara.BreedingManagement.DeleteInsemination" name="Insemination_DeleteData" time="0.0">
    <skipped/>
  </testcase> <!-- Insemination_DeleteData -->
  <testcase classname="com.nitara.BreedingManagement.ViewHeat" name="Heat_ViewData" time="0.0">
    <skipped/>
  </testcase> <!-- Heat_ViewData -->
  <testcase classname="com.nitara.BreedingManagement.EditInsemination" name="Insemination_EditData" time="0.0">
    <skipped/>
  </testcase> <!-- Insemination_EditData -->
  <testcase classname="com.nitara.BreedingManagement.AddInsemination" name="Insemination_ValidData" time="0.0">
    <skipped/>
  </testcase> <!-- Insemination_ValidData -->
  <testcase classname="com.nitara.BreedingManagement.ViewInsemination" name="Insemination_ViewData" time="0.0">
    <skipped/>
  </testcase> <!-- Insemination_ViewData -->
  <testcase classname="com.nitara.BreedingManagement.DeletePD" name="PD_DeleteData" time="0.0">
    <skipped/>
  </testcase> <!-- PD_DeleteData -->
  <testcase classname="com.nitara.BreedingManagement.EditPD" name="PD_EditData" time="0.0">
    <skipped/>
  </testcase> <!-- PD_EditData -->
  <testcase classname="com.nitara.BreedingManagement.ViewPD" name="PD_ViewData" time="0.0">
    <skipped/>
  </testcase> <!-- PD_ViewData -->
  <testcase classname="com.nitara.HealthManagement.AddTreatment" name="Treatment_AddData" time="0.0">
    <skipped/>
  </testcase> <!-- Treatment_AddData -->
  <testcase classname="com.nitara.HealthManagement.ViewTreatment" name="Treatment_ViewData" time="0.0">
    <skipped/>
  </testcase> <!-- Treatment_ViewData -->
  <testcase classname="com.nitara.HealthManagement.DeleteVaccination" name="Vaccination_DeleteData" time="0.0">
    <skipped/>
  </testcase> <!-- Vaccination_DeleteData -->
  <testcase classname="com.nitara.HealthManagement.AddVaccination" name="Vaccination_AddData" time="0.0">
    <skipped/>
  </testcase> <!-- Vaccination_AddData -->
  <testcase classname="com.nitara.HealthManagement.ViewVaccination" name="Vaccination_ViewData" time="0.0">
    <skipped/>
  </testcase> <!-- Vaccination_ViewData -->
  <testcase classname="com.nitara.HealthManagement.EditVaccination" name="Vaccination_EditData" time="0.0">
    <skipped/>
  </testcase> <!-- Vaccination_EditData -->
  <testcase classname="com.nitara.AccountManagement.SignUp" name="SignUp_ValidData" time="0.0">
    <skipped/>
  </testcase> <!-- SignUp_ValidData -->
  <testcase classname="com.nitara.AccountManagement.SignUp" name="setupAccount" time="0.0">
    <skipped/>
  </testcase> <!-- setupAccount -->
</testsuite> <!-- Test -->
